2025-03-13 03:07:02 INFO [o.h.o.a.Application                     ] - Starting Application v9.1.0 using Java 21.0.4 with PID 1 (/ors.jar started by root in /home/ors)
2025-03-13 03:07:02 INFO [o.h.o.a.Application                     ] - The following 1 profile is active: "default"
2025-03-13 03:07:02 INFO [o.h.o.a.ORSEnvironmentPostProcessor     ] - 
2025-03-13 03:07:02 INFO [o.h.o.a.ORSEnvironmentPostProcessor     ] - Configuration lookup started.
2025-03-13 03:07:02 INFO [o.h.o.a.ORSEnvironmentPostProcessor     ] - Configuration file set by environment variable.
2025-03-13 03:07:02 INFO [o.h.o.a.ORSEnvironmentPostProcessor     ] - Loaded file '/home/ors/config/ors-config.yml'.
2025-03-13 03:07:02 INFO [o.h.o.a.ORSEnvironmentPostProcessor     ] - 
2025-03-13 03:07:02 INFO [o.h.o.a.ORSEnvironmentPostProcessor     ] - Environment variables overriding openrouteservice configuration parameters detected: 
2025-03-13 03:07:02 INFO [o.h.o.a.ORSEnvironmentPostProcessor     ] - ors.config.location=/home/ors/config/ors-config.yml
2025-03-13 03:07:02 INFO [o.h.o.a.ORSEnvironmentPostProcessor     ] - Configuration lookup finished.
2025-03-13 03:07:02 INFO [o.h.o.a.ORSEnvironmentPostProcessor     ] - 
2025-03-13 03:07:05 INFO [o.h.o.a.s.l.ORSInitContextListener      ] - Initializing ORS...
2025-03-13 03:07:05 INFO [o.h.o.r.RoutingProfileManager           ] - Total - 1024 MB, Free - 958.57 MB, Max: 2 GB, Used - 65.43 MB
2025-03-13 03:07:05 INFO [o.h.o.r.RoutingProfileManager           ] - ====> Initializing 1 profiles (1 threads) ...
2025-03-13 03:07:05 INFO [o.h.o.r.RoutingProfileManager           ] - 1 profile configurations submitted as tasks.
2025-03-13 03:07:05 INFO [o.h.o.r.g.e.c.CorePreparationHandler    ] - Using 1 threads for ch preparation threads
2025-03-13 03:07:05 INFO [o.h.o.r.g.e.c.CoreLMPreparationHandler  ] - Using 1 threads for lm preparation threads
2025-03-13 03:07:05 INFO [o.h.o.r.g.e.c.CorePreparationHandler    ] - Using 1 threads for ch preparation threads
2025-03-13 03:07:05 INFO [o.h.o.r.g.e.c.CoreLMPreparationHandler  ] - Using 1 threads for lm preparation threads
2025-03-13 03:07:06 INFO [o.h.o.r.g.e.c.CoreLMPreparationHandler  ] - Loaded landmark splitting collection from 
2025-03-13 03:07:06 INFO [o.h.o.r.g.e.ORSGraphHopper              ] - version v4.9.6|2025-01-14T12:17:35Z (7,20,5,4,5,7)
2025-03-13 03:07:06 INFO [o.h.o.r.g.e.ORSGraphHopper              ] - graph CH|car_ors|RAM_STORE|3D|turn_cost|,,,,, details:edges:0(0MB), nodes:0(0MB), name:(0MB), geo:0(0MB), bounds:1.7976931348623157E308,-1.7976931348623157E308,1.7976931348623157E308,-1.7976931348623157E308,1.7976931348623157E308,-1.7976931348623157E308, shortcuts:0 (0MB), nodesCH:-1 (0MB), shortcuts:0 (0MB), nodesCH:-1 (0MB), shortcuts:0 (0MB), nodesCH:-1 (0MB)
2025-03-13 03:07:06 INFO [o.h.o.r.g.e.ORSGraphHopper              ] - No custom areas are used, custom_areas.directory not given
2025-03-13 03:07:06 INFO [o.h.o.r.g.e.ORSGraphHopper              ] - start creating graph from /home/ors/files/example-heidelberg.test.pbf
2025-03-13 03:07:06 INFO [o.h.o.r.g.e.ORSGraphHopper              ] - using CH|car_ors|RAM_STORE|3D|turn_cost|,,,,, memory:totalMB:1024, usedMB:214
2025-03-13 03:07:07 INFO [o.h.o.a.Application                     ] - Started Application in 6.747 seconds (process running for 8.438)
2025-03-13 03:07:07 INFO [o.h.o.a.Application                     ] - openrouteservice {"build_date":"2025-01-29T12:32:30Z","graph_version":"1","version":"9.1.0"}
2025-03-13 03:08:57 INFO [o.h.o.r.g.e.ORSGraphHopper              ] - call cleanUp for 'graphs/driving-car' 
2025-03-13 03:08:57 INFO [o.h.o.r.g.e.ORSGraphHopper              ] - graph CH|car_ors|RAM_STORE|3D|turn_cost|7,20,5,4,5, details:edges:20 826(1MB), nodes:17 464(1MB), name:(2MB), geo:137 672(1MB), bounds:7.7084693,9.103966900000001,49.3325699,49.5168325,89.0,582.0, shortcuts:0 (1MB), nodesCH:-1 (1MB), shortcuts:0 (1MB), nodesCH:-1 (1MB), shortcuts:0 (1MB), nodesCH:-1 (1MB)
2025-03-13 03:08:57 INFO [o.h.o.r.g.e.ORSGraphHopper              ] - nodes: 17 464, edges: 20 826
2025-03-13 03:08:57 INFO [o.h.o.r.g.e.ORSGraphHopper              ] - Bridge interpolation 0s, tunnel interpolation 0s, ferry interpolation 0s
2025-03-13 03:08:58 INFO [o.h.o.r.g.e.c.CorePreparationHandler    ] - Creating CH preparations, totalMB:1024, usedMB:614
2025-03-13 03:08:58 INFO [o.h.o.r.g.e.c.CorePreparationHandler    ] - 1/2 calling CH prepare.doWork for profile 'car_ors_fastest_with_turn_costs' EDGE_BASED ... (totalMB:1024, usedMB:614)
2025-03-13 03:08:58 INFO [o.h.o.r.g.e.c.CorePreparationHandler    ] - 2/2 calling CH prepare.doWork for profile 'car_ors_shortest_with_turn_costs' EDGE_BASED ... (totalMB:1024, usedMB:614)
2025-03-13 03:08:58 INFO [o.h.o.r.g.e.c.PrepareCore               ] - Creating Core graph, totalMB:1024, usedMB:615
2025-03-13 03:08:58 INFO [o.h.o.r.g.e.c.PrepareCore               ] - Building Core graph, totalMB:1024, usedMB:615
2025-03-13 03:08:59 INFO [o.h.o.r.g.e.c.PrepareCore               ] - Finished building Core graph, took: 0.20553245s, totalMB:1024, usedMB:635
2025-03-13 03:08:59 INFO [o.h.o.r.g.e.c.PrepareCore               ] - Building initial queue of nodes to be contracted: 17464 nodes, totalMB:1024, usedMB:652
2025-03-13 03:08:59 INFO [o.h.o.r.g.e.c.PrepareCore               ] - Finished building queue, took: 0.076432735s, totalMB:1024, usedMB:653
2025-03-13 03:08:59 INFO [o.h.o.r.g.e.c.PrepareCore               ] - edge, nodes:     16 179, shortcuts:          0, updates:  0, checked-nodes:          0, t(total):   0.44,  t(period):   0.07, t(lazy):   0.00, t(neighbor):   0.00, t(contr):   0.00, t(other) :   0.36, dijkstra-ratio:   0.89%, meanDegree: 1.19, dijkstras:     55 775, mem:        0MB, totalMB:1024, usedMB:653
2025-03-13 03:08:59 INFO [o.h.o.r.g.e.c.PrepareCore               ] - edge, nodes:     15 406, shortcuts:          0, updates:  0, checked-nodes:        809, t(total):   0.47,  t(period):   0.07, t(lazy):   0.00, t(neighbor):   0.00, t(contr):   0.02, t(other) :   0.37, dijkstra-ratio:   0.89%, meanDegree: 1.00, dijkstras:     55 783, mem:        0MB, totalMB:1024, usedMB:653
2025-03-13 03:08:59 INFO [o.h.o.r.g.e.c.PrepareCore               ] - edge, nodes:     14 630, shortcuts:          0, updates:  0, checked-nodes:      1 618, t(total):   0.50,  t(period):   0.07, t(lazy):   0.00, t(neighbor):   0.00, t(contr):   0.02, t(other) :   0.40, dijkstra-ratio:   0.84%, meanDegree: 1.00, dijkstras:     55 783, mem:        0MB, totalMB:1024, usedMB:654
2025-03-13 03:08:59 INFO [o.h.o.r.g.e.c.PrepareCore               ] - edge, nodes:     13 870, shortcuts:          0, updates:  0, checked-nodes:      2 427, t(total):   0.52,  t(period):   0.07, t(lazy):   0.00, t(neighbor):   0.00, t(contr):   0.03, t(other) :   0.41, dijkstra-ratio:   0.80%, meanDegree: 1.00, dijkstras:     55 783, mem:        0MB, totalMB:1024, usedMB:654
2025-03-13 03:08:59 INFO [o.h.o.r.g.e.c.PrepareCore               ] - edge, nodes:     13 127, shortcuts:          0, updates:  0, checked-nodes:      3 236, t(total):   0.53,  t(period):   0.07, t(lazy):   0.01, t(neighbor):   0.00, t(contr):   0.03, t(other) :   0.42, dijkstra-ratio:   0.78%, meanDegree: 1.00, dijkstras:     55 783, mem:        0MB, totalMB:1024, usedMB:654
2025-03-13 03:08:59 INFO [o.h.o.r.g.e.c.PrepareCore               ] - edge, nodes:     12 371, shortcuts:          0, updates:  0, checked-nodes:      4 045, t(total):   0.55,  t(period):   0.07, t(lazy):   0.02, t(neighbor):   0.00, t(contr):   0.03, t(other) :   0.43, dijkstra-ratio:   0.76%, meanDegree: 1.00, dijkstras:     55 783, mem:        0MB, totalMB:1024, usedMB:654
2025-03-13 03:08:59 INFO [o.h.o.r.g.e.c.PrepareCore               ] - edge, nodes:     11 646, shortcuts:          7, updates:  0, checked-nodes:      4 854, t(total):   0.57,  t(period):   0.07, t(lazy):   0.02, t(neighbor):   0.00, t(contr):   0.04, t(other) :   0.43, dijkstra-ratio:   1.81%, meanDegree: 1.84, dijkstras:     56 866, mem:        0MB, totalMB:1024, usedMB:655
2025-03-13 03:08:59 INFO [o.h.o.r.g.e.c.PrepareCore               ] - edge, nodes:     10 957, shortcuts:         38, updates:  0, checked-nodes:      5 663, t(total):   0.61,  t(period):   0.07, t(lazy):   0.04, t(neighbor):   0.00, t(contr):   0.06, t(other) :   0.44, dijkstra-ratio:   4.00%, meanDegree: 1.66, dijkstras:     59 148, mem:        0MB, totalMB:1024, usedMB:655
2025-03-13 03:08:59 INFO [o.h.o.r.g.e.c.PrepareCore               ] - edge, nodes:     10 332, shortcuts:         71, updates:  0, checked-nodes:      6 472, t(total):   0.64,  t(period):   0.07, t(lazy):   0.05, t(neighbor):   0.00, t(contr):   0.07, t(other) :   0.44, dijkstra-ratio:   5.57%, meanDegree: 1.61, dijkstras:     61 335, mem:        0MB, totalMB:1024, usedMB:655
2025-03-13 03:08:59 INFO [o.h.o.r.g.e.c.PrepareCore               ] - edge, nodes:      9 739, shortcuts:        216, updates:  0, checked-nodes:      7 281, t(total):   0.67,  t(period):   0.07, t(lazy):   0.07, t(neighbor):   0.00, t(contr):   0.08, t(other) :   0.45, dijkstra-ratio:   6.70%, meanDegree: 2.00, dijkstras:     63 480, mem:        0MB, totalMB:1024, usedMB:655
2025-03-13 03:08:59 INFO [o.h.o.r.g.e.c.PrepareCore               ] - edge, nodes:      9 113, shortcuts:        735, updates:  0, checked-nodes:      8 090, t(total):   0.71,  t(period):   0.07, t(lazy):   0.09, t(neighbor):   0.00, t(contr):   0.09, t(other) :   0.46, dijkstra-ratio:   8.40%, meanDegree: 0.73, dijkstras:     65 881, mem:        0MB, totalMB:1024, usedMB:656
2025-03-13 03:08:59 INFO [o.h.o.r.g.e.c.PrepareCore               ] - edge, nodes:      8 597, shortcuts:        864, updates:  0, checked-nodes:      8 899, t(total):   0.73,  t(period):   0.07, t(lazy):   0.09, t(neighbor):   0.00, t(contr):   0.10, t(other) :   0.46, dijkstra-ratio:   8.34%, meanDegree: 1.00, dijkstras:     67 150, mem:        0MB, totalMB:1024, usedMB:656
2025-03-13 03:08:59 INFO [o.h.o.r.g.e.c.PrepareCore               ] - edge, nodes:      8 118, shortcuts:      1 285, updates:  0, checked-nodes:      9 708, t(total):   0.75,  t(period):   0.07, t(lazy):   0.10, t(neighbor):   0.00, t(contr):   0.11, t(other) :   0.47, dijkstra-ratio:   8.88%, meanDegree: 1.10, dijkstras:     69 511, mem:        0MB, totalMB:1024, usedMB:656
2025-03-13 03:08:59 INFO [o.h.o.r.g.e.c.PrepareCore               ] - edge, nodes:      7 564, shortcuts:      1 725, updates:  0, checked-nodes:     10 517, t(total):   0.78,  t(period):   0.07, t(lazy):   0.11, t(neighbor):   0.00, t(contr):   0.12, t(other) :   0.47, dijkstra-ratio:   9.71%, meanDegree: 0.00, dijkstras:     72 936, mem:        0MB, totalMB:1024, usedMB:656
2025-03-13 03:08:59 INFO [o.h.o.r.g.e.c.PrepareCore               ] - edge, nodes:      6 857, shortcuts:      2 160, updates:  0, checked-nodes:     11 326, t(total):   0.80,  t(period):   0.07, t(lazy):   0.12, t(neighbor):   0.00, t(contr):   0.13, t(other) :   0.48, dijkstra-ratio:  10.34%, meanDegree: 2.76, dijkstras:     75 060, mem:        0MB, totalMB:1024, usedMB:657
2025-03-13 03:08:59 INFO [o.h.o.r.g.e.c.PrepareCore               ] - edge, nodes:      6 173, shortcuts:      2 480, updates:  0, checked-nodes:     12 135, t(total):   0.83,  t(period):   0.07, t(lazy):   0.14, t(neighbor):   0.00, t(contr):   0.14, t(other) :   0.48, dijkstra-ratio:  11.89%, meanDegree: 2.20, dijkstras:     80 871, mem:        0MB, totalMB:1024, usedMB:657
2025-03-13 03:08:59 INFO [o.h.o.r.g.e.c.PrepareCore               ] - edge, nodes:      5 496, shortcuts:      2 887, updates:  0, checked-nodes:     12 944, t(total):   0.85,  t(period):   0.07, t(lazy):   0.15, t(neighbor):   0.00, t(contr):   0.15, t(other) :   0.48, dijkstra-ratio:  12.86%, meanDegree: 2.75, dijkstras:     86 745, mem:        0MB, totalMB:1024, usedMB:658
2025-03-13 03:08:59 INFO [o.h.o.r.g.e.c.PrepareCore               ] - edge, nodes:      4 828, shortcuts:      3 431, updates:  0, checked-nodes:     13 753, t(total):   0.88,  t(period):   0.07, t(lazy):   0.16, t(neighbor):   0.00, t(contr):   0.15, t(other) :   0.49, dijkstra-ratio:  13.91%, meanDegree: 2.47, dijkstras:     92 672, mem:        0MB, totalMB:1024, usedMB:658
2025-03-13 03:08:59 INFO [o.h.o.r.g.e.c.PrepareCore               ] - edge, nodes:      4 133, shortcuts:      4 174, updates:  0, checked-nodes:     14 562, t(total):   0.90,  t(period):   0.07, t(lazy):   0.18, t(neighbor):   0.00, t(contr):   0.16, t(other) :   0.49, dijkstra-ratio:  14.83%, meanDegree: 2.67, dijkstras:     98 510, mem:        0MB, totalMB:1024, usedMB:658
2025-03-13 03:08:59 INFO [o.h.o.r.g.e.c.PrepareCore               ] - edge, nodes:      3 469, shortcuts:      4 930, updates:  0, checked-nodes:     15 371, t(total):   0.92,  t(period):   0.07, t(lazy):   0.19, t(neighbor):   0.00, t(contr):   0.17, t(other) :   0.49, dijkstra-ratio:  15.90%, meanDegree: 1.49, dijkstras:    104 728, mem:        0MB, totalMB:1024, usedMB:659
2025-03-13 03:08:59 INFO [o.h.o.r.g.e.c.PrepareCore               ] - edge, nodes:      2 785, shortcuts:      5 857, updates:  0, checked-nodes:     16 180, t(total):   0.94,  t(period):   0.07, t(lazy):   0.20, t(neighbor):   0.00, t(contr):   0.17, t(other) :   0.50, dijkstra-ratio:  16.73%, meanDegree: 2.77, dijkstras:    110 899, mem:        0MB, totalMB:1024, usedMB:659
2025-03-13 03:08:59 INFO [o.h.o.r.g.e.c.PrepareCore               ] - edge, nodes:      2 091, shortcuts:      6 905, updates:  0, checked-nodes:     16 989, t(total):   0.96,  t(period):   0.07, t(lazy):   0.21, t(neighbor):   0.00, t(contr):   0.18, t(other) :   0.50, dijkstra-ratio:  17.49%, meanDegree: 2.46, dijkstras:    117 114, mem:        0MB, totalMB:1024, usedMB:660
2025-03-13 03:08:59 INFO [o.h.o.r.g.e.c.PrepareCore               ] - edge, nodes:      1 555, shortcuts:      8 063, updates:  0, checked-nodes:     17 798, t(total):   0.98,  t(period):   0.07, t(lazy):   0.22, t(neighbor):   0.00, t(contr):   0.18, t(other) :   0.50, dijkstra-ratio:  18.23%, meanDegree: 2.58, dijkstras:    125 223, mem:        0MB, totalMB:1024, usedMB:660
2025-03-13 03:08:59 INFO [o.h.o.r.g.e.c.PrepareCore               ] - edge, nodes:      1 007, shortcuts:      9 885, updates:  0, checked-nodes:     18 607, t(total):   1.01,  t(period):   0.07, t(lazy):   0.24, t(neighbor):   0.00, t(contr):   0.19, t(other) :   0.51, dijkstra-ratio:  19.65%, meanDegree: 4.44, dijkstras:    138 001, mem:        0MB, totalMB:1024, usedMB:660
2025-03-13 03:08:59 INFO [o.h.o.r.g.e.c.PrepareCore               ] - edge, nodes:        382, shortcuts:     11 833, updates:  0, checked-nodes:     19 416, t(total):   1.04,  t(period):   0.07, t(lazy):   0.25, t(neighbor):   0.00, t(contr):   0.20, t(other) :   0.51, dijkstra-ratio:  20.56%, meanDegree: 3.53, dijkstras:    151 742, mem:        0MB, totalMB:1024, usedMB:661
2025-03-13 03:09:00 INFO [o.h.o.r.g.e.c.PrepareCore               ] - edge, nodes:          0, shortcuts:     16 181, updates:  0, checked-nodes:     19 788, t(total):   1.08,  t(period):   0.07, t(lazy):   0.27, t(neighbor):   0.00, t(contr):   0.21, t(other) :   0.52, dijkstra-ratio:  21.43%, meanDegree: 4.90, dijkstras:    161 074, mem:        0MB, totalMB:1024, usedMB:662
2025-03-13 03:09:00 INFO [o.h.o.r.g.e.c.PrepareCore               ] - new shortcuts: 16 181, initSize:16 179, limited_access|fastest|car_ors, periodic:0, lazy:100, neighbor:0, t(total):   1.08,  t(period):   0.07, t(lazy):   0.27, t(neighbor):   0.00, t(contr):   0.21, t(other) :   0.53, dijkstra-ratio:  21.37%, lazy-overhead: 22%, totalMB:1024, usedMB:662
2025-03-13 03:09:00 INFO [o.h.o.r.g.e.c.PrepareCore               ] - shortcuts that exceed maximum weight: 0
2025-03-13 03:09:00 INFO [o.h.o.r.g.e.c.PrepareCore               ] - took: 1s, graph now - num edges: 20 826, num nodes: 17 464, num shortcuts: 16 181
2025-03-13 03:09:00 INFO [o.h.o.r.g.e.c.PrepareCore               ] - Creating Core graph, totalMB:1024, usedMB:662
2025-03-13 03:09:00 INFO [o.h.o.r.g.e.c.PrepareCore               ] - Building Core graph, totalMB:1024, usedMB:662
2025-03-13 03:09:00 INFO [o.h.o.r.g.e.c.PrepareCore               ] - Finished building Core graph, took: 0.048891574s, totalMB:1024, usedMB:671
2025-03-13 03:09:00 INFO [o.h.o.r.g.e.c.PrepareCore               ] - Building initial queue of nodes to be contracted: 17464 nodes, totalMB:1024, usedMB:688
2025-03-13 03:09:00 INFO [o.h.o.r.g.e.c.PrepareCore               ] - Finished building queue, took: 0.023035932s, totalMB:1024, usedMB:689
2025-03-13 03:09:00 INFO [o.h.o.r.g.e.c.PrepareCore               ] - edge, nodes:     16 179, shortcuts:          0, updates:  0, checked-nodes:          0, t(total):   0.13,  t(period):   0.02, t(lazy):   0.00, t(neighbor):   0.00, t(contr):   0.00, t(other) :   0.11, dijkstra-ratio:   2.22%, meanDegree: 1.19, dijkstras:     55 775, mem:        0MB, totalMB:1024, usedMB:689
2025-03-13 03:09:00 INFO [o.h.o.r.g.e.c.PrepareCore               ] - edge, nodes:     15 406, shortcuts:          0, updates:  0, checked-nodes:        809, t(total):   0.13,  t(period):   0.02, t(lazy):   0.00, t(neighbor):   0.00, t(contr):   0.00, t(other) :   0.11, dijkstra-ratio:   2.17%, meanDegree: 1.00, dijkstras:     55 783, mem:        0MB, totalMB:1024, usedMB:689
2025-03-13 03:09:00 INFO [o.h.o.r.g.e.c.PrepareCore               ] - edge, nodes:     14 630, shortcuts:          0, updates:  0, checked-nodes:      1 618, t(total):   0.14,  t(period):   0.02, t(lazy):   0.00, t(neighbor):   0.00, t(contr):   0.00, t(other) :   0.11, dijkstra-ratio:   2.10%, meanDegree: 1.00, dijkstras:     55 783, mem:        0MB, totalMB:1024, usedMB:689
2025-03-13 03:09:00 INFO [o.h.o.r.g.e.c.PrepareCore               ] - edge, nodes:     13 870, shortcuts:          0, updates:  0, checked-nodes:      2 427, t(total):   0.14,  t(period):   0.02, t(lazy):   0.00, t(neighbor):   0.00, t(contr):   0.00, t(other) :   0.12, dijkstra-ratio:   2.05%, meanDegree: 1.00, dijkstras:     55 783, mem:        0MB, totalMB:1024, usedMB:690
2025-03-13 03:09:00 INFO [o.h.o.r.g.e.c.PrepareCore               ] - edge, nodes:     13 127, shortcuts:          0, updates:  0, checked-nodes:      3 236, t(total):   0.15,  t(period):   0.02, t(lazy):   0.00, t(neighbor):   0.00, t(contr):   0.00, t(other) :   0.12, dijkstra-ratio:   1.97%, meanDegree: 1.00, dijkstras:     55 783, mem:        0MB, totalMB:1024, usedMB:690
2025-03-13 03:09:00 INFO [o.h.o.r.g.e.c.PrepareCore               ] - edge, nodes:     12 371, shortcuts:          0, updates:  0, checked-nodes:      4 045, t(total):   0.15,  t(period):   0.02, t(lazy):   0.00, t(neighbor):   0.00, t(contr):   0.00, t(other) :   0.12, dijkstra-ratio:   1.93%, meanDegree: 1.00, dijkstras:     55 783, mem:        0MB, totalMB:1024, usedMB:690
2025-03-13 03:09:00 INFO [o.h.o.r.g.e.c.PrepareCore               ] - edge, nodes:     11 650, shortcuts:          6, updates:  0, checked-nodes:      4 854, t(total):   0.16,  t(period):   0.02, t(lazy):   0.00, t(neighbor):   0.00, t(contr):   0.01, t(other) :   0.12, dijkstra-ratio:   2.99%, meanDegree: 1.44, dijkstras:     56 855, mem:        0MB, totalMB:1024, usedMB:690
2025-03-13 03:09:00 INFO [o.h.o.r.g.e.c.PrepareCore               ] - edge, nodes:     10 962, shortcuts:         36, updates:  0, checked-nodes:      5 663, t(total):   0.17,  t(period):   0.02, t(lazy):   0.01, t(neighbor):   0.00, t(contr):   0.01, t(other) :   0.13, dijkstra-ratio:   5.36%, meanDegree: 1.99, dijkstras:     59 137, mem:        0MB, totalMB:1024, usedMB:690
2025-03-13 03:09:00 INFO [o.h.o.r.g.e.c.PrepareCore               ] - edge, nodes:     10 340, shortcuts:         66, updates:  0, checked-nodes:      6 472, t(total):   0.18,  t(period):   0.02, t(lazy):   0.01, t(neighbor):   0.00, t(contr):   0.01, t(other) :   0.13, dijkstra-ratio:   7.58%, meanDegree: 1.82, dijkstras:     61 318, mem:        0MB, totalMB:1024, usedMB:691
2025-03-13 03:09:00 INFO [o.h.o.r.g.e.c.PrepareCore               ] - edge, nodes:      9 750, shortcuts:        207, updates:  0, checked-nodes:      7 281, t(total):   0.19,  t(period):   0.02, t(lazy):   0.02, t(neighbor):   0.00, t(contr):   0.02, t(other) :   0.13, dijkstra-ratio:  10.59%, meanDegree: 2.00, dijkstras:     63 463, mem:        0MB, totalMB:1024, usedMB:691
2025-03-13 03:09:00 INFO [o.h.o.r.g.e.c.PrepareCore               ] - edge, nodes:      9 124, shortcuts:        734, updates:  0, checked-nodes:      8 090, t(total):   0.20,  t(period):   0.02, t(lazy):   0.02, t(neighbor):   0.00, t(contr):   0.02, t(other) :   0.14, dijkstra-ratio:  12.66%, meanDegree: 0.40, dijkstras:     65 922, mem:        0MB, totalMB:1024, usedMB:691
2025-03-13 03:09:00 INFO [o.h.o.r.g.e.c.PrepareCore               ] - edge, nodes:      8 599, shortcuts:        864, updates:  0, checked-nodes:      8 899, t(total):   0.20,  t(period):   0.02, t(lazy):   0.03, t(neighbor):   0.00, t(contr):   0.02, t(other) :   0.14, dijkstra-ratio:  12.66%, meanDegree: 1.00, dijkstras:     67 175, mem:        0MB, totalMB:1024, usedMB:691
2025-03-13 03:09:00 INFO [o.h.o.r.g.e.c.PrepareCore               ] - edge, nodes:      8 129, shortcuts:      1 278, updates:  0, checked-nodes:      9 708, t(total):   0.21,  t(period):   0.02, t(lazy):   0.03, t(neighbor):   0.00, t(contr):   0.02, t(other) :   0.14, dijkstra-ratio:  13.21%, meanDegree: 1.17, dijkstras:     69 529, mem:        0MB, totalMB:1024, usedMB:692
2025-03-13 03:09:00 INFO [o.h.o.r.g.e.c.PrepareCore               ] - edge, nodes:      7 585, shortcuts:      1 721, updates:  0, checked-nodes:     10 517, t(total):   0.22,  t(period):   0.02, t(lazy):   0.03, t(neighbor):   0.00, t(contr):   0.02, t(other) :   0.14, dijkstra-ratio:  14.65%, meanDegree: 0.22, dijkstras:     73 007, mem:        0MB, totalMB:1024, usedMB:692
2025-03-13 03:09:00 INFO [o.h.o.r.g.e.c.PrepareCore               ] - edge, nodes:      6 877, shortcuts:      2 119, updates:  0, checked-nodes:     11 326, t(total):   0.23,  t(period):   0.02, t(lazy):   0.04, t(neighbor):   0.00, t(contr):   0.03, t(other) :   0.15, dijkstra-ratio:  15.10%, meanDegree: 2.62, dijkstras:     74 932, mem:        0MB, totalMB:1024, usedMB:692
2025-03-13 03:09:00 INFO [o.h.o.r.g.e.c.PrepareCore               ] - edge, nodes:      6 185, shortcuts:      2 505, updates:  0, checked-nodes:     12 135, t(total):   0.24,  t(period):   0.02, t(lazy):   0.04, t(neighbor):   0.00, t(contr):   0.03, t(other) :   0.15, dijkstra-ratio:  17.91%, meanDegree: 1.54, dijkstras:     81 189, mem:        0MB, totalMB:1024, usedMB:692
2025-03-13 03:09:00 INFO [o.h.o.r.g.e.c.PrepareCore               ] - edge, nodes:      5 504, shortcuts:      2 953, updates:  0, checked-nodes:     12 944, t(total):   0.27,  t(period):   0.02, t(lazy):   0.06, t(neighbor):   0.00, t(contr):   0.04, t(other) :   0.15, dijkstra-ratio:  20.90%, meanDegree: 2.52, dijkstras:     87 288, mem:        0MB, totalMB:1024, usedMB:693
2025-03-13 03:09:00 INFO [o.h.o.r.g.e.c.PrepareCore               ] - edge, nodes:      4 847, shortcuts:      3 543, updates:  0, checked-nodes:     13 753, t(total):   0.31,  t(period):   0.02, t(lazy):   0.08, t(neighbor):   0.00, t(contr):   0.04, t(other) :   0.16, dijkstra-ratio:  26.32%, meanDegree: 2.30, dijkstras:     93 536, mem:        0MB, totalMB:1024, usedMB:693
2025-03-13 03:09:00 INFO [o.h.o.r.g.e.c.PrepareCore               ] - edge, nodes:      4 154, shortcuts:      4 300, updates:  0, checked-nodes:     14 562, t(total):   0.34,  t(period):   0.02, t(lazy):   0.10, t(neighbor):   0.00, t(contr):   0.06, t(other) :   0.16, dijkstra-ratio:  28.71%, meanDegree: 2.36, dijkstras:     99 349, mem:        0MB, totalMB:1024, usedMB:693
2025-03-13 03:09:00 INFO [o.h.o.r.g.e.c.PrepareCore               ] - edge, nodes:      3 498, shortcuts:      4 983, updates:  0, checked-nodes:     15 371, t(total):   0.36,  t(period):   0.02, t(lazy):   0.11, t(neighbor):   0.00, t(contr):   0.06, t(other) :   0.17, dijkstra-ratio:  30.54%, meanDegree: 2.41, dijkstras:    105 657, mem:        0MB, totalMB:1024, usedMB:694
2025-03-13 03:09:00 INFO [o.h.o.r.g.e.c.PrepareCore               ] - edge, nodes:      2 812, shortcuts:      5 911, updates:  0, checked-nodes:     16 180, t(total):   0.39,  t(period):   0.02, t(lazy):   0.12, t(neighbor):   0.00, t(contr):   0.07, t(other) :   0.17, dijkstra-ratio:  31.91%, meanDegree: 2.09, dijkstras:    111 792, mem:        0MB, totalMB:1024, usedMB:694
2025-03-13 03:09:00 INFO [o.h.o.r.g.e.c.PrepareCore               ] - edge, nodes:      2 135, shortcuts:      6 974, updates:  0, checked-nodes:     16 989, t(total):   0.42,  t(period):   0.02, t(lazy):   0.14, t(neighbor):   0.00, t(contr):   0.08, t(other) :   0.17, dijkstra-ratio:  33.76%, meanDegree: 1.77, dijkstras:    118 452, mem:        0MB, totalMB:1024, usedMB:695
2025-03-13 03:09:00 INFO [o.h.o.r.g.e.c.PrepareCore               ] - edge, nodes:      1 578, shortcuts:      8 233, updates:  0, checked-nodes:     17 798, t(total):   0.44,  t(period):   0.02, t(lazy):   0.15, t(neighbor):   0.00, t(contr):   0.09, t(other) :   0.18, dijkstra-ratio:  35.11%, meanDegree: 2.55, dijkstras:    127 001, mem:        0MB, totalMB:1024, usedMB:695
2025-03-13 03:09:00 INFO [o.h.o.r.g.e.c.PrepareCore               ] - edge, nodes:      1 057, shortcuts:     10 012, updates:  0, checked-nodes:     18 607, t(total):   0.46,  t(period):   0.02, t(lazy):   0.17, t(neighbor):   0.00, t(contr):   0.09, t(other) :   0.18, dijkstra-ratio:  36.94%, meanDegree: 3.34, dijkstras:    140 396, mem:        0MB, totalMB:1024, usedMB:696
2025-03-13 03:09:00 INFO [o.h.o.r.g.e.c.PrepareCore               ] - edge, nodes:        448, shortcuts:     11 985, updates:  0, checked-nodes:     19 416, t(total):   0.50,  t(period):   0.02, t(lazy):   0.19, t(neighbor):   0.00, t(contr):   0.10, t(other) :   0.19, dijkstra-ratio:  38.88%, meanDegree: 4.34, dijkstras:    156 190, mem:        0MB, totalMB:1024, usedMB:696
2025-03-13 03:09:00 INFO [o.h.o.r.g.e.c.PrepareCore               ] - edge, nodes:          0, shortcuts:     17 141, updates:  0, checked-nodes:     19 918, t(total):   0.53,  t(period):   0.02, t(lazy):   0.21, t(neighbor):   0.00, t(contr):   0.11, t(other) :   0.19, dijkstra-ratio:  40.21%, meanDegree: 4.97, dijkstras:    171 947, mem:        0MB, totalMB:1024, usedMB:697
2025-03-13 03:09:00 INFO [o.h.o.r.g.e.c.PrepareCore               ] - new shortcuts: 17 141, initSize:16 179, limited_access|shortest|car_ors, periodic:0, lazy:100, neighbor:0, t(total):   0.53,  t(period):   0.02, t(lazy):   0.21, t(neighbor):   0.00, t(contr):   0.11, t(other) :   0.20, dijkstra-ratio:  40.05%, lazy-overhead: 23%, totalMB:1024, usedMB:697
2025-03-13 03:09:00 INFO [o.h.o.r.g.e.c.PrepareCore               ] - shortcuts that exceed maximum weight: 0
2025-03-13 03:09:00 INFO [o.h.o.r.g.e.c.PrepareCore               ] - took: 0s, graph now - num edges: 20 826, num nodes: 17 464, num shortcuts: 17 141
2025-03-13 03:09:00 INFO [o.h.o.r.g.e.c.CorePreparationHandler    ] - Finished CH preparation, totalMB:1024, usedMB:697
2025-03-13 03:09:00 INFO [o.h.o.r.g.e.c.CoreLMPreparationHandler  ] - Creating LM preparations, totalMB:1024, usedMB:697
2025-03-13 03:09:00 INFO [o.h.o.r.g.e.c.CoreLandmarkStorage       ] - Created core node ID map for car_ors_fastest_with_turn_costs_highways of size 1446
2025-03-13 03:09:00 INFO [o.h.o.r.g.e.c.CoreLandmarkStorage       ] - Created core node ID map for car_ors_fastest_with_turn_costs_allow_all of size 1446
2025-03-13 03:09:00 INFO [o.h.o.r.g.e.c.CoreLandmarkStorage       ] - Created core node ID map for car_ors_shortest_with_turn_costs_highways of size 1446
2025-03-13 03:09:00 INFO [o.h.o.r.g.e.c.CoreLandmarkStorage       ] - Created core node ID map for car_ors_shortest_with_turn_costs_allow_all of size 1446
2025-03-13 03:09:00 INFO [o.h.o.r.g.e.c.CoreLMPreparationHandler  ] - 1/4 calling LM prepare.doWork for limited_access|fastest|car_ors ... (totalMB:1024, usedMB:698)
2025-03-13 03:09:01 INFO [o.h.o.r.g.e.c.CoreLMPreparationHandler  ] - LM car_ors_fastest_with_turn_costs_highways finished totalMB:1024, usedMB:527
2025-03-13 03:09:01 INFO [o.h.o.r.g.e.c.CoreLMPreparationHandler  ] - 2/4 calling LM prepare.doWork for limited_access|fastest|car_ors ... (totalMB:1024, usedMB:527)
2025-03-13 03:09:01 INFO [o.h.o.r.g.e.c.CoreLMPreparationHandler  ] - LM car_ors_fastest_with_turn_costs_allow_all finished totalMB:1024, usedMB:347
2025-03-13 03:09:01 INFO [o.h.o.r.g.e.c.CoreLMPreparationHandler  ] - 3/4 calling LM prepare.doWork for limited_access|shortest|car_ors ... (totalMB:1024, usedMB:347)
2025-03-13 03:09:02 INFO [o.h.o.r.g.e.c.CoreLMPreparationHandler  ] - LM car_ors_shortest_with_turn_costs_highways finished totalMB:1024, usedMB:220
2025-03-13 03:09:02 INFO [o.h.o.r.g.e.c.CoreLMPreparationHandler  ] - 4/4 calling LM prepare.doWork for limited_access|shortest|car_ors ... (totalMB:1024, usedMB:220)
2025-03-13 03:09:02 INFO [o.h.o.r.g.e.c.CoreLMPreparationHandler  ] - LM car_ors_shortest_with_turn_costs_allow_all finished totalMB:1024, usedMB:705
2025-03-13 03:09:02 INFO [o.h.o.r.g.e.c.CoreLMPreparationHandler  ] - Finished LM preparation, totalMB:1024, usedMB:705
2025-03-13 03:09:02 INFO [o.h.o.r.g.e.ORSGraphHopper              ] - flushing graph CH|car_ors|RAM_STORE|3D|turn_cost|7,20,5,4,5, details:edges:20 826(1MB), nodes:17 464(1MB), name:(2MB), geo:137 672(1MB), bounds:7.7084693,9.103966900000001,49.3325699,49.5168325,89.0,582.0, shortcuts:12 334 (1MB), nodesCH:17 464 (1MB), shortcuts:16 181 (1MB), nodesCH:17 464 (1MB), shortcuts:17 141 (1MB), nodesCH:17 464 (1MB), totalMB:1024, usedMB:705)
2025-03-13 03:09:03 INFO [o.h.o.r.g.e.ORSGraphHopper              ] - flushed graph totalMB:1024, usedMB:723)
2025-03-13 03:09:03 INFO [o.h.o.r.RoutingProfile                  ] - [1] Profile: 'driving-car', encoder: 'driving-car', location: 'graphs/driving-car'.
2025-03-13 03:09:03 INFO [o.h.o.r.RoutingProfile                  ] - [1] Edges: 20826 - Nodes: 17464.
2025-03-13 03:09:03 INFO [o.h.o.r.RoutingProfile                  ] - [1] Total time: 117.68s.
2025-03-13 03:09:03 INFO [o.h.o.r.RoutingProfile                  ] - [1] Finished at: 2025-03-13 03:09:03.
2025-03-13 03:09:03 INFO [o.h.o.r.RoutingProfileManager           ] - Total time: 117.83s.
2025-03-13 03:09:03 INFO [o.h.o.r.RoutingProfileManager           ] - ========================================================================
2025-03-13 03:09:03 INFO [o.h.o.r.RoutingProfileManager           ] - ====> Recycling garbage...
2025-03-13 03:09:03 INFO [o.h.o.r.RoutingProfileManager           ] - Before: Total - 1024 MB, Free - 297.35 MB, Max: 2 GB, Used - 726.65 MB
2025-03-13 03:09:03 INFO [o.h.o.r.RoutingProfileManager           ] - After: Total - 1024 MB, Free - 941.55 MB, Max: 2 GB, Used - 82.45 MB
2025-03-13 03:09:03 INFO [o.h.o.r.RoutingProfileManager           ] - ========================================================================
2025-03-13 03:09:03 INFO [o.h.o.r.RoutingProfileManager           ] - ====> Memory usage by profiles:
2025-03-13 03:09:03 INFO [o.h.o.r.RoutingProfileManager           ] - [1] 25.03 MB (30.2%)
2025-03-13 03:09:03 INFO [o.h.o.r.RoutingProfileManager           ] - Total: 25.03 MB (30.2%)
2025-03-13 03:09:03 INFO [o.h.o.r.RoutingProfileManager           ] - ========================================================================
2025-03-13 03:13:07 INFO [o.h.o.a.s.l.ORSInitContextListener      ] - Shutting down openrouteservice {"build_date":"2025-01-29T12:32:30Z","graph_version":"1","version":"9.1.0"} and releasing resources.
2025-03-13 03:14:23 INFO [o.h.o.a.Application                     ] - Starting Application v9.1.0 using Java 21.0.4 with PID 1 (/ors.jar started by root in /home/ors)
2025-03-13 03:14:23 INFO [o.h.o.a.Application                     ] - The following 1 profile is active: "default"
2025-03-13 03:14:23 INFO [o.h.o.a.ORSEnvironmentPostProcessor     ] - 
2025-03-13 03:14:23 INFO [o.h.o.a.ORSEnvironmentPostProcessor     ] - Configuration lookup started.
2025-03-13 03:14:23 INFO [o.h.o.a.ORSEnvironmentPostProcessor     ] - Configuration file set by environment variable.
2025-03-13 03:14:23 INFO [o.h.o.a.ORSEnvironmentPostProcessor     ] - Loaded file '/home/ors/config/ors-config.yml'.
2025-03-13 03:14:23 INFO [o.h.o.a.ORSEnvironmentPostProcessor     ] - 
2025-03-13 03:14:23 INFO [o.h.o.a.ORSEnvironmentPostProcessor     ] - Environment variables overriding openrouteservice configuration parameters detected: 
2025-03-13 03:14:23 INFO [o.h.o.a.ORSEnvironmentPostProcessor     ] - ors.config.location=/home/ors/config/ors-config.yml
2025-03-13 03:14:23 INFO [o.h.o.a.ORSEnvironmentPostProcessor     ] - Configuration lookup finished.
2025-03-13 03:14:23 INFO [o.h.o.a.ORSEnvironmentPostProcessor     ] - 
2025-03-13 03:14:26 INFO [o.h.o.a.s.l.ORSInitContextListener      ] - Initializing ORS...
2025-03-13 03:14:26 INFO [o.h.o.r.RoutingProfileManager           ] - Total - 1024 MB, Free - 958.31 MB, Max: 2 GB, Used - 65.69 MB
2025-03-13 03:14:26 INFO [o.h.o.r.RoutingProfileManager           ] - ====> Initializing 1 profiles (1 threads) ...
2025-03-13 03:14:26 INFO [o.h.o.r.RoutingProfileManager           ] - 1 profile configurations submitted as tasks.
2025-03-13 03:14:26 INFO [o.h.o.r.g.e.c.CorePreparationHandler    ] - Using 1 threads for ch preparation threads
2025-03-13 03:14:26 INFO [o.h.o.r.g.e.c.CoreLMPreparationHandler  ] - Using 1 threads for lm preparation threads
2025-03-13 03:14:27 INFO [o.h.o.r.g.e.c.CorePreparationHandler    ] - Using 1 threads for ch preparation threads
2025-03-13 03:14:27 INFO [o.h.o.r.g.e.c.CoreLMPreparationHandler  ] - Using 1 threads for lm preparation threads
2025-03-13 03:14:27 INFO [o.h.o.r.g.e.c.CoreLMPreparationHandler  ] - Loaded landmark splitting collection from 
2025-03-13 03:14:27 INFO [o.h.o.r.g.e.c.CorePreparationHandler    ] - Creating CH preparations, totalMB:1024, usedMB:260
2025-03-13 03:14:28 INFO [o.h.o.r.g.e.c.CoreLMPreparationHandler  ] - Creating LM preparations, totalMB:1024, usedMB:262
2025-03-13 03:14:28 INFO [o.h.o.r.g.e.c.CoreLandmarkStorage       ] - Created core node ID map for car_ors_fastest_with_turn_costs_highways of size 1446
2025-03-13 03:14:28 INFO [o.h.o.r.g.e.c.CoreLandmarkStorage       ] - Created core node ID map for car_ors_fastest_with_turn_costs_allow_all of size 1446
2025-03-13 03:14:28 INFO [o.h.o.r.g.e.c.CoreLandmarkStorage       ] - Created core node ID map for car_ors_shortest_with_turn_costs_highways of size 1446
2025-03-13 03:14:28 INFO [o.h.o.r.g.e.c.CoreLandmarkStorage       ] - Created core node ID map for car_ors_shortest_with_turn_costs_allow_all of size 1446
2025-03-13 03:14:28 INFO [o.h.o.r.g.e.c.CoreLMPreparationHandler  ] - Finished LM preparation, totalMB:1024, usedMB:296
2025-03-13 03:14:28 INFO [o.h.o.r.g.e.ORSGraphHopper              ] - version v4.9.6|2025-01-14T12:17:35Z (7,20,5,4,5,7)
2025-03-13 03:14:28 INFO [o.h.o.r.g.e.ORSGraphHopper              ] - graph CH|car_ors|RAM_STORE|3D|turn_cost|7,20,5,4,5, details:edges:20 826(1MB), nodes:17 464(1MB), name:(2MB), geo:137 672(1MB), bounds:7.7084693,9.1039669,49.3325699,49.5168325,89.0,582.0, shortcuts:12 334 (1MB), nodesCH:17 464 (1MB), shortcuts:16 181 (1MB), nodesCH:17 464 (1MB), shortcuts:17 141 (1MB), nodesCH:17 464 (1MB)
2025-03-13 03:14:28 INFO [o.h.o.r.RoutingProfile                  ] - [1] Profile: 'driving-car', encoder: 'driving-car', location: 'graphs/driving-car'.
2025-03-13 03:14:28 INFO [o.h.o.r.RoutingProfile                  ] - [1] Edges: 20826 - Nodes: 17464.
2025-03-13 03:14:28 INFO [o.h.o.a.Application                     ] - Started Application in 6.01 seconds (process running for 7.605)
2025-03-13 03:14:28 INFO [o.h.o.r.RoutingProfile                  ] - [1] Total time: 1.669s.
2025-03-13 03:14:28 INFO [o.h.o.r.RoutingProfile                  ] - [1] Finished at: 2025-03-13 03:14:28.
2025-03-13 03:14:28 INFO [o.h.o.r.RoutingProfileManager           ] - Total time: 2.022s.
2025-03-13 03:14:28 INFO [o.h.o.r.RoutingProfileManager           ] - ========================================================================
2025-03-13 03:14:28 INFO [o.h.o.r.RoutingProfileManager           ] - ====> Recycling garbage...
2025-03-13 03:14:28 INFO [o.h.o.r.RoutingProfileManager           ] - Before: Total - 1024 MB, Free - 722.81 MB, Max: 2 GB, Used - 301.19 MB
2025-03-13 03:14:28 INFO [o.h.o.a.Application                     ] - openrouteservice {"build_date":"2025-01-29T12:32:30Z","graph_version":"1","version":"9.1.0"}
2025-03-13 03:14:28 INFO [o.h.o.r.RoutingProfileManager           ] - After: Total - 1024 MB, Free - 947.83 MB, Max: 2 GB, Used - 76.67 MB
2025-03-13 03:14:28 INFO [o.h.o.r.RoutingProfileManager           ] - ========================================================================
2025-03-13 03:14:28 INFO [o.h.o.r.RoutingProfileManager           ] - ====> Memory usage by profiles:
2025-03-13 03:14:28 INFO [o.h.o.r.RoutingProfileManager           ] - [1] 25.03 MB (32.4%)
2025-03-13 03:14:28 INFO [o.h.o.r.RoutingProfileManager           ] - Total: 25.03 MB (32.4%)
2025-03-13 03:14:28 INFO [o.h.o.r.RoutingProfileManager           ] - ========================================================================
2025-03-13 03:18:21 INFO [o.h.o.a.s.l.ORSInitContextListener      ] - Shutting down openrouteservice {"build_date":"2025-01-29T12:32:30Z","graph_version":"1","version":"9.1.0"} and releasing resources.
